# JRE version: Java(TM) SE Runtime Environment (8.0_77-b03) (build 1.8.0_77-b03)
# Java VM: Java HotSpot(TM) 64-Bit Server VM (25.77-b03 mixed mode windows-amd64 compressed oops)
Heap:
 PSYoungGen      total 300032K, used 3360K [0x00000000eb400000, 0x00000000fef80000, 0x0000000100000000)
  eden space 289280K, 0% used [0x00000000eb400000,0x00000000eb400000,0x00000000fce80000)
  from space 10752K, 31% used [0x00000000fe500000,0x00000000fe848030,0x00000000fef80000)
  to   space 16896K, 0% used [0x00000000fce80000,0x00000000fce80000,0x00000000fdf00000)
 ParOldGen       total 62464K, used 46310K [0x00000000c1c00000, 0x00000000c5900000, 0x00000000eb400000)
  object space 62464K, 74% used [0x00000000c1c00000,0x00000000c4939b58,0x00000000c5900000)
 Metaspace       used 56857K, capacity 58248K, committed 58368K, reserved 1099776K
  class space    used 6843K, capacity 7154K, committed 7168K, reserved 1048576K
GC Heap History (10 events):
Event: 5306.494 GC heap after
Heap after GC invocations=32 (full 9):
 PSYoungGen      total 283136K, used 0K [0x00000000eb400000, 0x00000000ffd00000, 0x0000000100000000)
  eden space 266240K, 0% used [0x00000000eb400000,0x00000000eb400000,0x00000000fb800000)
  from space 16896K, 0% used [0x00000000fb800000,0x00000000fb800000,0x00000000fc880000)
  to   space 16896K, 0% used [0x00000000fec80000,0x00000000fec80000,0x00000000ffd00000)
 ParOldGen       total 62464K, used 36405K [0x00000000c1c00000, 0x00000000c5900000, 0x00000000eb400000)
  object space 62464K, 58% used [0x00000000c1c00000,0x00000000c3f8d688,0x00000000c5900000)
 Metaspace       used 55826K, capacity 56850K, committed 57600K, reserved 1099776K
  class space    used 6766K, capacity 7007K, committed 7168K, reserved 1048576K
}
Event: 5336.857 GC heap before
{Heap before GC invocations=33 (full 9):
 PSYoungGen      total 283136K, used 239135K [0x00000000eb400000, 0x00000000ffd00000, 0x0000000100000000)
  eden space 266240K, 89% used [0x00000000eb400000,0x00000000f9d87d20,0x00000000fb800000)
  from space 16896K, 0% used [0x00000000fb800000,0x00000000fb800000,0x00000000fc880000)
  to   space 16896K, 0% used [0x00000000fec80000,0x00000000fec80000,0x00000000ffd00000)
 ParOldGen       total 62464K, used 36405K [0x00000000c1c00000, 0x00000000c5900000, 0x00000000eb400000)
  object space 62464K, 58% used [0x00000000c1c00000,0x00000000c3f8d688,0x00000000c5900000)
 Metaspace       used 56402K, capacity 57664K, committed 58112K, reserved 1099776K
  class space    used 6809K, capacity 7089K, committed 7168K, reserved 1048576K
Event: 5337.053 GC heap after
Heap after GC invocations=33 (full 9):
 PSYoungGen      total 319488K, used 11403K [0x00000000eb400000, 0x00000000ffe00000, 0x0000000100000000)
  eden space 302592K, 0% used [0x00000000eb400000,0x00000000eb400000,0x00000000fdb80000)
  from space 16896K, 67% used [0x00000000fec80000,0x00000000ff7a2e58,0x00000000ffd00000)
  to   space 17408K, 0% used [0x00000000fdb80000,0x00000000fdb80000,0x00000000fec80000)
 ParOldGen       total 62464K, used 36405K [0x00000000c1c00000, 0x00000000c5900000, 0x00000000eb400000)
  object space 62464K, 58% used [0x00000000c1c00000,0x00000000c3f8d688,0x00000000c5900000)
 Metaspace       used 56402K, capacity 57664K, committed 58112K, reserved 1099776K
  class space    used 6809K, capacity 7089K, committed 7168K, reserved 1048576K
}
Event: 5337.053 GC heap before
{Heap before GC invocations=34 (full 10):
 PSYoungGen      total 319488K, used 11403K [0x00000000eb400000, 0x00000000ffe00000, 0x0000000100000000)
  eden space 302592K, 0% used [0x00000000eb400000,0x00000000eb400000,0x00000000fdb80000)
  from space 16896K, 67% used [0x00000000fec80000,0x00000000ff7a2e58,0x00000000ffd00000)
  to   space 17408K, 0% used [0x00000000fdb80000,0x00000000fdb80000,0x00000000fec80000)
 ParOldGen       total 62464K, used 36405K [0x00000000c1c00000, 0x00000000c5900000, 0x00000000eb400000)
  object space 62464K, 58% used [0x00000000c1c00000,0x00000000c3f8d688,0x00000000c5900000)
 Metaspace       used 56402K, capacity 57664K, committed 58112K, reserved 1099776K
  class space    used 6809K, capacity 7089K, committed 7168K, reserved 1048576K
Event: 5338.001 GC heap after
Heap after GC invocations=34 (full 10):
 PSYoungGen      total 319488K, used 0K [0x00000000eb400000, 0x00000000ffe00000, 0x0000000100000000)
  eden space 302592K, 0% used [0x00000000eb400000,0x00000000eb400000,0x00000000fdb80000)
  from space 16896K, 0% used [0x00000000fec80000,0x00000000fec80000,0x00000000ffd00000)
  to   space 17408K, 0% used [0x00000000fdb80000,0x00000000fdb80000,0x00000000fec80000)
 ParOldGen       total 62464K, used 46294K [0x00000000c1c00000, 0x00000000c5900000, 0x00000000eb400000)
  object space 62464K, 74% used [0x00000000c1c00000,0x00000000c4935b58,0x00000000c5900000)
 Metaspace       used 56391K, capacity 57646K, committed 58112K, reserved 1099776K
  class space    used 6807K, capacity 7086K, committed 7168K, reserved 1048576K
}
Event: 6545.688 GC heap before
{Heap before GC invocations=35 (full 10):
 PSYoungGen      total 319488K, used 302592K [0x00000000eb400000, 0x00000000ffe00000, 0x0000000100000000)
  eden space 302592K, 100% used [0x00000000eb400000,0x00000000fdb80000,0x00000000fdb80000)
  from space 16896K, 0% used [0x00000000fec80000,0x00000000fec80000,0x00000000ffd00000)
  to   space 17408K, 0% used [0x00000000fdb80000,0x00000000fdb80000,0x00000000fec80000)
 ParOldGen       total 62464K, used 46294K [0x00000000c1c00000, 0x00000000c5900000, 0x00000000eb400000)
  object space 62464K, 74% used [0x00000000c1c00000,0x00000000c4935b58,0x00000000c5900000)
 Metaspace       used 56850K, capacity 58236K, committed 58368K, reserved 1099776K
  class space    used 6842K, capacity 7151K, committed 7168K, reserved 1048576K
Event: 6545.781 GC heap after
Heap after GC invocations=35 (full 10):
 PSYoungGen      total 299008K, used 9563K [0x00000000eb400000, 0x00000000fef80000, 0x0000000100000000)
  eden space 289280K, 0% used [0x00000000eb400000,0x00000000eb400000,0x00000000fce80000)
  from space 9728K, 98% used [0x00000000fdb80000,0x00000000fe4d6e88,0x00000000fe500000)
  to   space 10752K, 0% used [0x00000000fe500000,0x00000000fe500000,0x00000000fef80000)
 ParOldGen       total 62464K, used 46302K [0x00000000c1c00000, 0x00000000c5900000, 0x00000000eb400000)
  object space 62464K, 74% used [0x00000000c1c00000,0x00000000c4937b58,0x00000000c5900000)
 Metaspace       used 56850K, capacity 58236K, committed 58368K, reserved 1099776K
  class space    used 6842K, capacity 7151K, committed 7168K, reserved 1048576K
}
Event: 6545.843 GC heap before
{Heap before GC invocations=36 (full 10):
 PSYoungGen      total 299008K, used 17390K [0x00000000eb400000, 0x00000000fef80000, 0x0000000100000000)
  eden space 289280K, 2% used [0x00000000eb400000,0x00000000ebba4a70,0x00000000fce80000)
  from space 9728K, 98% used [0x00000000fdb80000,0x00000000fe4d6e88,0x00000000fe500000)
  to   space 10752K, 0% used [0x00000000fe500000,0x00000000fe500000,0x00000000fef80000)
 ParOldGen       total 62464K, used 46302K [0x00000000c1c00000, 0x00000000c5900000, 0x00000000eb400000)
  object space 62464K, 74% used [0x00000000c1c00000,0x00000000c4937b58,0x00000000c5900000)
 Metaspace       used 56857K, capacity 58248K, committed 58368K, reserved 1099776K
  class space    used 6843K, capacity 7154K, committed 7168K, reserved 1048576K
Event: 6545.851 GC heap after
Heap after GC invocations=36 (full 10):
 PSYoungGen      total 300032K, used 3360K [0x00000000eb400000, 0x00000000fef80000, 0x0000000100000000)
  eden space 289280K, 0% used [0x00000000eb400000,0x00000000eb400000,0x00000000fce80000)
  from space 10752K, 31% used [0x00000000fe500000,0x00000000fe848030,0x00000000fef80000)
  to   space 16896K, 0% used [0x00000000fce80000,0x00000000fce80000,0x00000000fdf00000)
 ParOldGen       total 62464K, used 46310K [0x00000000c1c00000, 0x00000000c5900000, 0x00000000eb400000)
  object space 62464K, 74% used [0x00000000c1c00000,0x00000000c4939b58,0x00000000c5900000)
 Metaspace       used 56857K, capacity 58248K, committed 58368K, reserved 1099776K
  class space    used 6843K, capacity 7154K, committed 7168K, reserved 1048576K
}
Event: 6545.851 GC heap before
{Heap before GC invocations=37 (full 11):
 PSYoungGen      total 300032K, used 3360K [0x00000000eb400000, 0x00000000fef80000, 0x0000000100000000)
  eden space 289280K, 0% used [0x00000000eb400000,0x00000000eb400000,0x00000000fce80000)
  from space 10752K, 31% used [0x00000000fe500000,0x00000000fe848030,0x00000000fef80000)
  to   space 16896K, 0% used [0x00000000fce80000,0x00000000fce80000,0x00000000fdf00000)
 ParOldGen       total 62464K, used 46310K [0x00000000c1c00000, 0x00000000c5900000, 0x00000000eb400000)
  object space 62464K, 74% used [0x00000000c1c00000,0x00000000c4939b58,0x00000000c5900000)
 Metaspace       used 56857K, capacity 58248K, committed 58368K, reserved 1099776K
  class space    used 6843K, capacity 7154K, committed 7168K, reserved 1048576K

